2025-10-30 14:05:19,186 [INFO] === Iniciando sincronização com API Acelerato ===
2025-10-30 14:05:21,264 [INFO] Tabela verificada/criada com sucesso.
2025-10-30 14:05:25,560 [INFO] Página 1 processada com 100 tickets.
2025-10-30 14:05:28,531 [INFO] Página 2 processada com 100 tickets.
2025-10-30 14:05:31,198 [INFO] Página 3 processada com 100 tickets.
2025-10-30 14:05:32,766 [INFO] Página 4 processada com 100 tickets.
2025-10-30 14:05:34,321 [INFO] Página 5 processada com 80 tickets.
2025-10-30 14:05:36,106 [INFO] Nenhum ticket encontrado na página 6. Encerrando.
2025-10-30 14:05:36,324 [INFO] Inserindo ticketKey=82916
2025-10-30 14:05:36,493 [INFO] Inserindo ticketKey=82915
2025-10-30 14:05:36,719 [INFO] Inserindo ticketKey=82914
2025-10-30 14:05:36,884 [INFO] Inserindo ticketKey=82913
2025-10-30 14:05:37,047 [INFO] Inserindo ticketKey=82911
2025-10-30 14:05:37,333 [INFO] Inserindo ticketKey=82910
2025-10-30 14:05:37,538 [INFO] Inserindo ticketKey=82905
2025-10-30 14:05:37,743 [INFO] Inserindo ticketKey=82904
2025-10-30 14:05:37,902 [INFO] Inserindo ticketKey=82903
2025-10-30 14:05:38,063 [INFO] Inserindo ticketKey=82901
2025-10-30 14:05:38,224 [INFO] Inserindo ticketKey=82900
2025-10-30 14:05:38,387 [INFO] Inserindo ticketKey=82895
2025-10-30 14:05:38,665 [INFO] Inserindo ticketKey=82893
2025-10-30 14:05:38,826 [INFO] Inserindo ticketKey=82891
2025-10-30 14:05:39,042 [INFO] Inserindo ticketKey=82890
2025-10-30 14:05:39,279 [INFO] Inserindo ticketKey=82889
2025-10-30 14:05:39,484 [INFO] Inserindo ticketKey=82886
2025-10-30 14:05:39,646 [INFO] Inserindo ticketKey=82883
2025-10-30 14:05:39,806 [INFO] Inserindo ticketKey=82882
2025-10-30 14:05:40,098 [INFO] Inserindo ticketKey=82876
2025-10-30 14:05:40,265 [INFO] Inserindo ticketKey=82871
2025-10-30 14:05:40,425 [INFO] Inserindo ticketKey=82870
2025-10-30 14:05:40,672 [INFO] Inserindo ticketKey=82868
2025-10-30 14:05:40,833 [INFO] Inserindo ticketKey=82867
2025-10-30 14:05:41,122 [INFO] Inserindo ticketKey=82863
2025-10-30 14:05:41,429 [INFO] Inserindo ticketKey=82862
2025-10-30 14:05:41,591 [INFO] Inserindo ticketKey=82861
2025-10-30 14:05:41,753 [INFO] Inserindo ticketKey=82860
2025-10-30 14:05:41,941 [INFO] Inserindo ticketKey=82859
2025-10-30 14:05:42,102 [INFO] Inserindo ticketKey=82858
2025-10-30 14:05:42,265 [INFO] Inserindo ticketKey=82857
2025-10-30 14:05:42,449 [INFO] Inserindo ticketKey=82855
2025-10-30 14:05:42,611 [INFO] Inserindo ticketKey=82851
2025-10-30 14:05:42,773 [INFO] Inserindo ticketKey=82850
2025-10-30 14:05:42,966 [INFO] Inserindo ticketKey=82849
2025-10-30 14:05:43,129 [INFO] Inserindo ticketKey=82848
2025-10-30 14:05:43,375 [INFO] Inserindo ticketKey=82847
2025-10-30 14:05:43,580 [INFO] Inserindo ticketKey=82845
2025-10-30 14:05:43,785 [INFO] Inserindo ticketKey=82842
2025-10-30 14:05:43,990 [INFO] Inserindo ticketKey=82841
2025-10-30 14:05:44,210 [INFO] Inserindo ticketKey=82840
2025-10-30 14:05:44,399 [INFO] Inserindo ticketKey=82839
2025-10-30 14:05:44,561 [INFO] Inserindo ticketKey=82838
2025-10-30 14:05:44,738 [INFO] Inserindo ticketKey=82837
2025-10-30 14:05:44,938 [INFO] Inserindo ticketKey=82836
2025-10-30 14:05:45,222 [INFO] Inserindo ticketKey=82834
2025-10-30 14:05:45,423 [INFO] Inserindo ticketKey=82830
2025-10-30 14:05:45,589 [INFO] Inserindo ticketKey=82827
2025-10-30 14:05:45,750 [INFO] Inserindo ticketKey=82824
2025-10-30 14:05:46,038 [INFO] Inserindo ticketKey=82823
2025-10-30 14:05:46,243 [INFO] Inserindo ticketKey=82819
2025-10-30 14:05:46,403 [INFO] Inserindo ticketKey=82818
2025-10-30 14:05:46,586 [INFO] Inserindo ticketKey=82804
2025-10-30 14:05:46,747 [INFO] Inserindo ticketKey=82803
2025-10-30 14:05:46,908 [INFO] Inserindo ticketKey=82796
2025-10-30 14:05:47,164 [INFO] Inserindo ticketKey=82793
2025-10-30 14:05:47,369 [INFO] Inserindo ticketKey=82792
2025-10-30 14:05:47,574 [INFO] Inserindo ticketKey=82791
2025-10-30 14:05:47,779 [INFO] Inserindo ticketKey=82790
2025-10-30 14:05:47,987 [INFO] Inserindo ticketKey=82788
2025-10-30 14:05:48,190 [INFO] Inserindo ticketKey=82787
2025-10-30 14:05:48,375 [INFO] Inserindo ticketKey=82780
2025-10-30 14:05:48,599 [INFO] Inserindo ticketKey=82779
2025-10-30 14:05:48,906 [INFO] Inserindo ticketKey=82773
2025-10-30 14:05:49,110 [INFO] Inserindo ticketKey=82770
2025-10-30 14:05:49,315 [INFO] Inserindo ticketKey=82769
2025-10-30 14:05:49,520 [INFO] Inserindo ticketKey=82763
2025-10-30 14:05:49,724 [INFO] Inserindo ticketKey=82762
2025-10-30 14:05:49,929 [INFO] Inserindo ticketKey=82760
2025-10-30 14:05:50,134 [INFO] Inserindo ticketKey=82759
2025-10-30 14:05:50,306 [INFO] Inserindo ticketKey=82757
2025-10-30 14:05:50,486 [INFO] Inserindo ticketKey=82755
2025-10-30 14:05:50,648 [INFO] Inserindo ticketKey=82752
2025-10-30 14:05:50,809 [INFO] Inserindo ticketKey=82751
2025-10-30 14:05:51,009 [INFO] Inserindo ticketKey=82749
2025-10-30 14:05:51,211 [INFO] Inserindo ticketKey=82748
2025-10-30 14:05:51,466 [INFO] Inserindo ticketKey=82747
2025-10-30 14:05:51,627 [INFO] Inserindo ticketKey=82744
2025-10-30 14:05:51,788 [INFO] Inserindo ticketKey=82743
2025-10-30 14:05:51,951 [INFO] Inserindo ticketKey=82741
2025-10-30 14:05:52,183 [INFO] Inserindo ticketKey=82738
2025-10-30 14:05:52,387 [INFO] Inserindo ticketKey=82737
2025-10-30 14:05:52,592 [INFO] Inserindo ticketKey=82736
2025-10-30 14:05:52,797 [INFO] Inserindo ticketKey=82733
2025-10-30 14:05:52,960 [INFO] Inserindo ticketKey=82732
2025-10-30 14:05:53,122 [INFO] Inserindo ticketKey=82731
2025-10-30 14:05:53,283 [INFO] Inserindo ticketKey=82728
2025-10-30 14:05:53,514 [INFO] Inserindo ticketKey=82725
2025-10-30 14:05:53,688 [INFO] Inserindo ticketKey=82724
2025-10-30 14:05:53,889 [INFO] Inserindo ticketKey=82719
2025-10-30 14:05:54,128 [INFO] Inserindo ticketKey=82717
2025-10-30 14:05:54,334 [INFO] Inserindo ticketKey=82716
2025-10-30 14:05:54,538 [INFO] Inserindo ticketKey=82715
2025-10-30 14:05:54,725 [INFO] Inserindo ticketKey=82713
2025-10-30 14:05:54,888 [INFO] Inserindo ticketKey=82709
2025-10-30 14:05:55,050 [INFO] Inserindo ticketKey=82708
2025-10-30 14:05:55,632 [INFO] Inserindo ticketKey=82706
2025-10-30 14:05:55,793 [INFO] Inserindo ticketKey=82704
2025-10-30 14:05:56,047 [INFO] Inserindo ticketKey=82702
2025-10-30 14:05:56,279 [INFO] Inserindo ticketKey=82701
2025-10-30 14:05:56,442 [INFO] Inserindo ticketKey=82699
2025-10-30 14:05:56,688 [INFO] Inserindo ticketKey=82697
2025-10-30 14:05:56,853 [INFO] Inserindo ticketKey=82694
2025-10-30 14:05:57,098 [INFO] Inserindo ticketKey=82690
2025-10-30 14:05:57,303 [INFO] Inserindo ticketKey=82685
2025-10-30 14:05:57,511 [INFO] Inserindo ticketKey=82682
2025-10-30 14:05:57,712 [INFO] Inserindo ticketKey=82671
2025-10-30 14:05:57,874 [INFO] Inserindo ticketKey=82667
2025-10-30 14:05:58,035 [INFO] Inserindo ticketKey=82663
2025-10-30 14:05:58,219 [INFO] Inserindo ticketKey=82661
2025-10-30 14:05:58,429 [INFO] Inserindo ticketKey=82660
2025-10-30 14:05:58,634 [INFO] Inserindo ticketKey=82659
2025-10-30 14:05:58,796 [INFO] Inserindo ticketKey=82653
2025-10-30 14:05:58,986 [INFO] Inserindo ticketKey=82650
2025-10-30 14:05:59,146 [INFO] Inserindo ticketKey=82647
2025-10-30 14:05:59,307 [INFO] Inserindo ticketKey=82646
2025-10-30 14:05:59,469 [INFO] Inserindo ticketKey=82645
2025-10-30 14:05:59,658 [INFO] Inserindo ticketKey=82643
2025-10-30 14:05:59,819 [INFO] Inserindo ticketKey=82642
2025-10-30 14:06:00,068 [INFO] Inserindo ticketKey=82641
2025-10-30 14:06:00,377 [INFO] Inserindo ticketKey=82637
2025-10-30 14:06:00,538 [INFO] Inserindo ticketKey=82635
2025-10-30 14:06:00,699 [INFO] Inserindo ticketKey=82634
2025-10-30 14:06:00,876 [INFO] Inserindo ticketKey=82630
2025-10-30 14:06:01,058 [INFO] Inserindo ticketKey=82629
2025-10-30 14:06:01,250 [INFO] Inserindo ticketKey=82628
2025-10-30 14:06:01,426 [INFO] Inserindo ticketKey=82627
2025-10-30 14:06:01,588 [INFO] Inserindo ticketKey=82626
2025-10-30 14:06:01,751 [INFO] Inserindo ticketKey=82625
2025-10-30 14:06:02,014 [INFO] Inserindo ticketKey=82624
2025-10-30 14:06:02,218 [INFO] Inserindo ticketKey=82622
2025-10-30 14:06:02,423 [INFO] Inserindo ticketKey=82619
2025-10-30 14:06:02,628 [INFO] Inserindo ticketKey=82618
2025-10-30 14:06:02,790 [INFO] Inserindo ticketKey=82614
2025-10-30 14:06:02,951 [INFO] Inserindo ticketKey=82609
2025-10-30 14:06:03,140 [INFO] Inserindo ticketKey=82606
2025-10-30 14:06:03,345 [INFO] Inserindo ticketKey=82604
2025-10-30 14:06:03,532 [INFO] Inserindo ticketKey=82596
2025-10-30 14:06:03,755 [INFO] Inserindo ticketKey=82595
2025-10-30 14:06:03,916 [INFO] Inserindo ticketKey=82585
2025-10-30 14:06:04,081 [INFO] Inserindo ticketKey=82584
2025-10-30 14:06:04,313 [INFO] Inserindo ticketKey=82583
2025-10-30 14:06:04,574 [INFO] Inserindo ticketKey=82578
2025-10-30 14:06:04,736 [INFO] Inserindo ticketKey=82575
2025-10-30 14:06:04,984 [INFO] Inserindo ticketKey=82572
2025-10-30 14:06:05,297 [INFO] Inserindo ticketKey=82571
2025-10-30 14:06:05,485 [INFO] Inserindo ticketKey=82570
2025-10-30 14:06:05,702 [INFO] Inserindo ticketKey=82565
2025-10-30 14:06:05,905 [INFO] Inserindo ticketKey=82564
2025-10-30 14:06:06,110 [INFO] Inserindo ticketKey=82562
2025-10-30 14:06:06,271 [INFO] Inserindo ticketKey=82561
2025-10-30 14:06:06,446 [INFO] Inserindo ticketKey=82560
2025-10-30 14:06:06,617 [INFO] Inserindo ticketKey=82559
2025-10-30 14:06:06,796 [INFO] Inserindo ticketKey=82556
2025-10-30 14:06:06,958 [INFO] Inserindo ticketKey=82551
2025-10-30 14:06:07,126 [INFO] Inserindo ticketKey=82550
2025-10-30 14:06:07,339 [INFO] Inserindo ticketKey=82549
2025-10-30 14:06:07,544 [INFO] Inserindo ticketKey=82548
2025-10-30 14:06:07,709 [INFO] Inserindo ticketKey=82547
2025-10-30 14:06:07,871 [INFO] Inserindo ticketKey=82546
2025-10-30 14:06:08,033 [INFO] Inserindo ticketKey=82545
2025-10-30 14:06:08,261 [INFO] Inserindo ticketKey=82544
2025-10-30 14:06:08,465 [INFO] Inserindo ticketKey=82543
2025-10-30 14:06:08,670 [INFO] Inserindo ticketKey=82542
2025-10-30 14:06:08,844 [INFO] Inserindo ticketKey=82541
2025-10-30 14:06:09,091 [INFO] Inserindo ticketKey=82540
2025-10-30 14:06:09,387 [INFO] Inserindo ticketKey=82537
2025-10-30 14:06:09,592 [INFO] Inserindo ticketKey=82535
2025-10-30 14:06:09,753 [INFO] Inserindo ticketKey=82534
2025-10-30 14:06:10,002 [INFO] Inserindo ticketKey=82528
2025-10-30 14:06:10,206 [INFO] Inserindo ticketKey=82527
2025-10-30 14:06:10,386 [INFO] Inserindo ticketKey=82526
2025-10-30 14:06:10,616 [INFO] Inserindo ticketKey=82525
2025-10-30 14:06:10,779 [INFO] Inserindo ticketKey=82524
2025-10-30 14:06:11,128 [INFO] Inserindo ticketKey=82523
2025-10-30 14:06:11,333 [INFO] Inserindo ticketKey=82522
2025-10-30 14:06:11,495 [INFO] Inserindo ticketKey=82521
2025-10-30 14:06:11,743 [INFO] Inserindo ticketKey=82517
2025-10-30 14:06:11,909 [INFO] Inserindo ticketKey=82513
2025-10-30 14:06:12,152 [INFO] Inserindo ticketKey=82512
2025-10-30 14:06:12,314 [INFO] Inserindo ticketKey=82510
2025-10-30 14:06:12,477 [INFO] Inserindo ticketKey=82509
2025-10-30 14:06:12,664 [INFO] Inserindo ticketKey=82504
2025-10-30 14:06:12,824 [INFO] Inserindo ticketKey=82500
2025-10-30 14:06:13,074 [INFO] Inserindo ticketKey=82498
2025-10-30 14:06:13,278 [INFO] Inserindo ticketKey=82496
2025-10-30 14:06:13,483 [INFO] Inserindo ticketKey=82495
2025-10-30 14:06:13,688 [INFO] Inserindo ticketKey=82493
2025-10-30 14:06:13,893 [INFO] Inserindo ticketKey=82492
2025-10-30 14:06:14,111 [INFO] Inserindo ticketKey=82489
2025-10-30 14:06:14,275 [INFO] Inserindo ticketKey=82488
2025-10-30 14:06:14,508 [INFO] Inserindo ticketKey=82484
2025-10-30 14:06:14,715 [INFO] Inserindo ticketKey=82483
2025-10-30 14:06:14,917 [INFO] Inserindo ticketKey=82482
2025-10-30 14:06:15,122 [INFO] Inserindo ticketKey=82480
2025-10-30 14:06:15,327 [INFO] Inserindo ticketKey=82479
2025-10-30 14:06:15,505 [INFO] Inserindo ticketKey=82478
2025-10-30 14:06:15,737 [INFO] Inserindo ticketKey=82476
2025-10-30 14:06:15,941 [INFO] Inserindo ticketKey=82474
2025-10-30 14:06:16,125 [INFO] Inserindo ticketKey=82473
2025-10-30 14:06:16,313 [INFO] Inserindo ticketKey=82472
2025-10-30 14:06:16,486 [INFO] Inserindo ticketKey=82471
2025-10-30 14:06:16,761 [INFO] Inserindo ticketKey=82470
2025-10-30 14:06:16,929 [INFO] Inserindo ticketKey=82469
2025-10-30 14:06:17,170 [INFO] Inserindo ticketKey=82468
2025-10-30 14:06:17,375 [INFO] Inserindo ticketKey=82467
2025-10-30 14:06:17,546 [INFO] Inserindo ticketKey=82466
2025-10-30 14:06:17,708 [INFO] Inserindo ticketKey=82465
2025-10-30 14:06:17,869 [INFO] Inserindo ticketKey=82459
2025-10-30 14:06:18,031 [INFO] Inserindo ticketKey=82456
2025-10-30 14:06:18,194 [INFO] Inserindo ticketKey=82454
2025-10-30 14:06:18,399 [INFO] Inserindo ticketKey=82451
2025-10-30 14:06:18,604 [INFO] Inserindo ticketKey=82450
2025-10-30 14:06:18,912 [INFO] Inserindo ticketKey=82448
2025-10-30 14:06:19,131 [INFO] Inserindo ticketKey=82446
2025-10-30 14:06:19,352 [INFO] Inserindo ticketKey=82445
2025-10-30 14:06:19,516 [INFO] Inserindo ticketKey=82444
2025-10-30 14:06:19,735 [INFO] Inserindo ticketKey=82443
2025-10-30 14:06:19,935 [INFO] Inserindo ticketKey=82440
2025-10-30 14:06:20,253 [INFO] Inserindo ticketKey=82439
2025-10-30 14:06:20,447 [INFO] Inserindo ticketKey=82436
2025-10-30 14:06:20,652 [INFO] Inserindo ticketKey=82427
2025-10-30 14:06:20,815 [INFO] Inserindo ticketKey=82426
2025-10-30 14:06:21,062 [INFO] Inserindo ticketKey=82425
2025-10-30 14:06:21,222 [INFO] Inserindo ticketKey=82424
2025-10-30 14:06:21,390 [INFO] Inserindo ticketKey=82423
2025-10-30 14:06:21,552 [INFO] Inserindo ticketKey=82422
2025-10-30 14:06:21,779 [INFO] Inserindo ticketKey=82421
2025-10-30 14:06:21,983 [INFO] Inserindo ticketKey=82420
2025-10-30 14:06:22,169 [INFO] Inserindo ticketKey=82419
2025-10-30 14:06:22,391 [INFO] Inserindo ticketKey=82418
2025-10-30 14:06:22,555 [INFO] Inserindo ticketKey=82417
2025-10-30 14:06:22,804 [INFO] Inserindo ticketKey=82413
2025-10-30 14:06:22,966 [INFO] Inserindo ticketKey=82412
2025-10-30 14:06:23,212 [INFO] Inserindo ticketKey=82410
2025-10-30 14:06:23,374 [INFO] Inserindo ticketKey=82403
2025-10-30 14:06:23,535 [INFO] Inserindo ticketKey=82400
2025-10-30 14:06:23,698 [INFO] Inserindo ticketKey=82399
2025-10-30 14:06:23,929 [INFO] Inserindo ticketKey=82398
2025-10-30 14:06:24,097 [INFO] Inserindo ticketKey=82397
2025-10-30 14:06:24,339 [INFO] Inserindo ticketKey=82395
2025-10-30 14:06:24,543 [INFO] Inserindo ticketKey=82394
2025-10-30 14:06:24,748 [INFO] Inserindo ticketKey=82393
2025-10-30 14:06:24,910 [INFO] Inserindo ticketKey=82387
2025-10-30 14:06:25,158 [INFO] Inserindo ticketKey=82386
2025-10-30 14:06:25,363 [INFO] Inserindo ticketKey=82385
2025-10-30 14:06:25,530 [INFO] Inserindo ticketKey=82382
2025-10-30 14:06:25,691 [INFO] Inserindo ticketKey=82378
2025-10-30 14:06:25,977 [INFO] Inserindo ticketKey=82377
2025-10-30 14:06:26,182 [INFO] Inserindo ticketKey=82376
2025-10-30 14:06:26,387 [INFO] Inserindo ticketKey=82375
2025-10-30 14:06:26,548 [INFO] Inserindo ticketKey=82374
2025-10-30 14:06:26,710 [INFO] Inserindo ticketKey=82373
2025-10-30 14:06:26,900 [INFO] Inserindo ticketKey=82368
2025-10-30 14:06:27,062 [INFO] Inserindo ticketKey=82367
2025-10-30 14:06:27,223 [INFO] Inserindo ticketKey=82362
2025-10-30 14:06:27,438 [INFO] Inserindo ticketKey=82355
2025-10-30 14:06:27,664 [INFO] Inserindo ticketKey=82351
2025-10-30 14:06:27,826 [INFO] Inserindo ticketKey=82349
2025-10-30 14:06:27,990 [INFO] Inserindo ticketKey=82346
2025-10-30 14:06:28,204 [INFO] Inserindo ticketKey=82345
2025-10-30 14:06:28,435 [INFO] Inserindo ticketKey=82341
2025-10-30 14:06:28,640 [INFO] Inserindo ticketKey=82339
2025-10-30 14:06:28,802 [INFO] Inserindo ticketKey=82335
2025-10-30 14:06:28,965 [INFO] Inserindo ticketKey=82334
2025-10-30 14:06:29,254 [INFO] Inserindo ticketKey=82332
2025-10-30 14:06:29,459 [INFO] Inserindo ticketKey=82329
2025-10-30 14:06:29,664 [INFO] Inserindo ticketKey=82326
2025-10-30 14:06:29,835 [INFO] Inserindo ticketKey=82325
2025-10-30 14:06:30,077 [INFO] Inserindo ticketKey=82323
2025-10-30 14:06:30,276 [INFO] Inserindo ticketKey=82322
2025-10-30 14:06:30,514 [INFO] Inserindo ticketKey=82321
2025-10-30 14:06:30,688 [INFO] Inserindo ticketKey=82320
2025-10-30 14:06:30,850 [INFO] Inserindo ticketKey=82319
2025-10-30 14:06:31,020 [INFO] Inserindo ticketKey=82318
2025-10-30 14:06:31,303 [INFO] Inserindo ticketKey=82317
2025-10-30 14:06:31,486 [INFO] Inserindo ticketKey=82314
2025-10-30 14:06:31,647 [INFO] Inserindo ticketKey=82309
2025-10-30 14:06:31,809 [INFO] Inserindo ticketKey=82308
2025-10-30 14:06:32,019 [INFO] Inserindo ticketKey=82304
2025-10-30 14:06:32,230 [INFO] Inserindo ticketKey=82301
2025-10-30 14:06:32,434 [INFO] Inserindo ticketKey=82300
2025-10-30 14:06:32,634 [INFO] Inserindo ticketKey=82299
2025-10-30 14:06:32,798 [INFO] Inserindo ticketKey=82298
2025-10-30 14:06:33,043 [INFO] Inserindo ticketKey=82296
2025-10-30 14:06:33,254 [INFO] Inserindo ticketKey=82295
2025-10-30 14:06:33,453 [INFO] Inserindo ticketKey=82293
2025-10-30 14:06:33,858 [INFO] Inserindo ticketKey=82292
2025-10-30 14:06:34,053 [INFO] Inserindo ticketKey=82290
2025-10-30 14:06:34,272 [INFO] Inserindo ticketKey=82289
2025-10-30 14:06:34,434 [INFO] Inserindo ticketKey=82287
2025-10-30 14:06:34,596 [INFO] Inserindo ticketKey=82286
2025-10-30 14:06:34,784 [INFO] Inserindo ticketKey=82284
2025-10-30 14:06:34,946 [INFO] Inserindo ticketKey=82283
2025-10-30 14:06:35,194 [INFO] Inserindo ticketKey=82282
2025-10-30 14:06:35,399 [INFO] Inserindo ticketKey=82278
2025-10-30 14:06:35,604 [INFO] Inserindo ticketKey=82276
2025-10-30 14:06:35,808 [INFO] Inserindo ticketKey=82275
2025-10-30 14:06:35,991 [INFO] Inserindo ticketKey=82273
2025-10-30 14:06:36,188 [INFO] Inserindo ticketKey=82271
2025-10-30 14:06:36,423 [INFO] Inserindo ticketKey=82269
2025-10-30 14:06:36,591 [INFO] Inserindo ticketKey=82268
2025-10-30 14:06:36,753 [INFO] Inserindo ticketKey=82267
2025-10-30 14:06:37,010 [INFO] Inserindo ticketKey=82264
2025-10-30 14:06:37,243 [INFO] Inserindo ticketKey=82262
2025-10-30 14:06:37,453 [INFO] Inserindo ticketKey=82261
2025-10-30 14:06:37,754 [INFO] Inserindo ticketKey=82260
2025-10-30 14:06:37,917 [INFO] Inserindo ticketKey=82258
2025-10-30 14:06:38,078 [INFO] Inserindo ticketKey=82255
2025-10-30 14:06:38,266 [INFO] Inserindo ticketKey=82253
2025-10-30 14:06:38,429 [INFO] Inserindo ticketKey=82252
2025-10-30 14:06:38,591 [INFO] Inserindo ticketKey=82251
2025-10-30 14:06:38,754 [INFO] Inserindo ticketKey=82250
2025-10-30 14:06:38,914 [INFO] Inserindo ticketKey=82247
2025-10-30 14:06:39,188 [INFO] Inserindo ticketKey=82243
2025-10-30 14:06:39,393 [INFO] Inserindo ticketKey=82242
2025-10-30 14:06:39,654 [INFO] Inserindo ticketKey=82235
2025-10-30 14:06:39,876 [INFO] Inserindo ticketKey=82231
2025-10-30 14:06:40,212 [INFO] Inserindo ticketKey=82220
2025-10-30 14:06:40,417 [INFO] Inserindo ticketKey=82219
2025-10-30 14:06:40,578 [INFO] Inserindo ticketKey=82213
2025-10-30 14:06:40,739 [INFO] Inserindo ticketKey=82207
2025-10-30 14:06:40,929 [INFO] Inserindo ticketKey=82202
2025-10-30 14:06:41,134 [INFO] Inserindo ticketKey=82201
2025-10-30 14:06:41,339 [INFO] Inserindo ticketKey=82200
2025-10-30 14:06:41,501 [INFO] Inserindo ticketKey=82199
2025-10-30 14:06:41,748 [INFO] Inserindo ticketKey=82198
2025-10-30 14:06:41,938 [INFO] Inserindo ticketKey=82197
2025-10-30 14:06:42,158 [INFO] Inserindo ticketKey=82193
2025-10-30 14:06:42,346 [INFO] Inserindo ticketKey=82192
2025-10-30 14:06:42,520 [INFO] Inserindo ticketKey=82191
2025-10-30 14:06:42,694 [INFO] Inserindo ticketKey=82188
2025-10-30 14:06:42,977 [INFO] Inserindo ticketKey=82187
2025-10-30 14:06:43,182 [INFO] Inserindo ticketKey=82186
2025-10-30 14:06:43,376 [INFO] Inserindo ticketKey=82184
2025-10-30 14:06:43,591 [INFO] Inserindo ticketKey=82182
2025-10-30 14:06:43,811 [INFO] Inserindo ticketKey=82180
2025-10-30 14:06:44,001 [INFO] Inserindo ticketKey=82179
2025-10-30 14:06:44,168 [INFO] Inserindo ticketKey=82176
2025-10-30 14:06:44,411 [INFO] Inserindo ticketKey=82173
2025-10-30 14:06:44,573 [INFO] Inserindo ticketKey=82170
2025-10-30 14:06:44,820 [INFO] Inserindo ticketKey=82165
2025-10-30 14:06:45,025 [INFO] Inserindo ticketKey=82162
2025-10-30 14:06:45,230 [INFO] Inserindo ticketKey=82161
2025-10-30 14:06:45,391 [INFO] Inserindo ticketKey=82160
2025-10-30 14:06:45,579 [INFO] Inserindo ticketKey=82159
2025-10-30 14:06:45,742 [INFO] Inserindo ticketKey=82158
2025-10-30 14:06:45,959 [INFO] Inserindo ticketKey=82157
2025-10-30 14:06:46,121 [INFO] Inserindo ticketKey=82154
2025-10-30 14:06:46,358 [INFO] Inserindo ticketKey=82153
2025-10-30 14:06:46,521 [INFO] Inserindo ticketKey=82152
2025-10-30 14:06:46,683 [INFO] Inserindo ticketKey=82149
2025-10-30 14:06:46,851 [INFO] Inserindo ticketKey=82147
2025-10-30 14:06:47,012 [INFO] Inserindo ticketKey=82140
2025-10-30 14:06:47,278 [INFO] Inserindo ticketKey=82139
2025-10-30 14:06:47,494 [INFO] Inserindo ticketKey=82137
2025-10-30 14:06:47,790 [INFO] Inserindo ticketKey=82136
2025-10-30 14:06:47,995 [INFO] Inserindo ticketKey=82134
2025-10-30 14:06:48,200 [INFO] Inserindo ticketKey=82133
2025-10-30 14:06:48,405 [INFO] Inserindo ticketKey=82130
2025-10-30 14:06:48,567 [INFO] Inserindo ticketKey=82129
2025-10-30 14:06:48,729 [INFO] Inserindo ticketKey=82128
2025-10-30 14:06:48,916 [INFO] Inserindo ticketKey=82127
2025-10-30 14:06:49,122 [INFO] Inserindo ticketKey=82126
2025-10-30 14:06:49,326 [INFO] Inserindo ticketKey=82125
2025-10-30 14:06:49,492 [INFO] Inserindo ticketKey=82124
2025-10-30 14:06:49,736 [INFO] Inserindo ticketKey=82122
2025-10-30 14:06:49,941 [INFO] Inserindo ticketKey=82121
2025-10-30 14:06:50,146 [INFO] Inserindo ticketKey=82120
2025-10-30 14:06:50,350 [INFO] Inserindo ticketKey=82118
2025-10-30 14:06:50,555 [INFO] Inserindo ticketKey=82117
2025-10-30 14:06:50,732 [INFO] Inserindo ticketKey=82116
2025-10-30 14:06:50,903 [INFO] Inserindo ticketKey=82114
2025-10-30 14:06:51,274 [INFO] Inserindo ticketKey=82113
2025-10-30 14:06:51,433 [INFO] Inserindo ticketKey=82110
2025-10-30 14:06:51,599 [INFO] Inserindo ticketKey=82109
2025-10-30 14:06:51,761 [INFO] Inserindo ticketKey=82108
2025-10-30 14:06:51,989 [INFO] Inserindo ticketKey=82107
2025-10-30 14:06:52,155 [INFO] Inserindo ticketKey=82106
2025-10-30 14:06:52,316 [INFO] Inserindo ticketKey=82105
2025-10-30 14:06:52,477 [INFO] Inserindo ticketKey=82104
2025-10-30 14:06:52,638 [INFO] Inserindo ticketKey=82103
2025-10-30 14:06:52,799 [INFO] Inserindo ticketKey=82102
2025-10-30 14:06:52,959 [INFO] Inserindo ticketKey=82100
2025-10-30 14:06:53,119 [INFO] Inserindo ticketKey=82097
2025-10-30 14:06:53,320 [INFO] Inserindo ticketKey=82093
2025-10-30 14:06:53,525 [INFO] Inserindo ticketKey=82092
2025-10-30 14:06:53,730 [INFO] Inserindo ticketKey=82091
2025-10-30 14:06:53,935 [INFO] Inserindo ticketKey=82088
2025-10-30 14:06:54,096 [INFO] Inserindo ticketKey=82087
2025-10-30 14:06:54,344 [INFO] Inserindo ticketKey=82083
2025-10-30 14:06:54,506 [INFO] Inserindo ticketKey=82082
2025-10-30 14:06:54,754 [INFO] Inserindo ticketKey=82081
2025-10-30 14:06:54,936 [INFO] Inserindo ticketKey=82080
2025-10-30 14:06:55,174 [INFO] Inserindo ticketKey=82077
2025-10-30 14:06:55,501 [INFO] Inserindo ticketKey=82076
2025-10-30 14:06:55,778 [INFO] Inserindo ticketKey=82075
2025-10-30 14:06:55,983 [INFO] Inserindo ticketKey=82073
2025-10-30 14:06:56,188 [INFO] Inserindo ticketKey=82072
2025-10-30 14:06:56,486 [INFO] Inserindo ticketKey=82070
2025-10-30 14:06:56,650 [INFO] Inserindo ticketKey=82062
2025-10-30 14:06:56,811 [INFO] Inserindo ticketKey=82061
2025-10-30 14:06:56,973 [INFO] Inserindo ticketKey=82060
2025-10-30 14:06:57,136 [INFO] Inserindo ticketKey=82059
2025-10-30 14:06:57,312 [INFO] Inserindo ticketKey=82058
2025-10-30 14:06:57,503 [INFO] Inserindo ticketKey=82057
2025-10-30 14:06:57,724 [INFO] Inserindo ticketKey=82056
2025-10-30 14:06:58,031 [INFO] Inserindo ticketKey=82055
2025-10-30 14:06:58,236 [INFO] Inserindo ticketKey=82054
2025-10-30 14:06:58,441 [INFO] Inserindo ticketKey=82053
2025-10-30 14:06:58,645 [INFO] Inserindo ticketKey=82052
2025-10-30 14:06:58,805 [INFO] Inserindo ticketKey=82050
2025-10-30 14:06:59,055 [INFO] Inserindo ticketKey=82049
2025-10-30 14:06:59,260 [INFO] Inserindo ticketKey=82048
2025-10-30 14:06:59,422 [INFO] Inserindo ticketKey=82047
2025-10-30 14:06:59,592 [INFO] Inserindo ticketKey=82044
2025-10-30 14:06:59,772 [INFO] Inserindo ticketKey=82043
2025-10-30 14:06:59,977 [INFO] Inserindo ticketKey=82040
2025-10-30 14:07:00,150 [INFO] Inserindo ticketKey=82039
2025-10-30 14:07:00,485 [INFO] Inserindo ticketKey=82036
2025-10-30 14:07:00,672 [INFO] Inserindo ticketKey=82034
2025-10-30 14:07:00,835 [INFO] Inserindo ticketKey=82025
2025-10-30 14:07:01,103 [INFO] Inserindo ticketKey=82022
2025-10-30 14:07:01,264 [INFO] Inserindo ticketKey=82019
2025-10-30 14:07:01,494 [INFO] Inserindo ticketKey=82018
2025-10-30 14:07:01,718 [INFO] Inserindo ticketKey=82014
2025-10-30 14:07:01,922 [INFO] Inserindo ticketKey=82012
2025-10-30 14:07:02,127 [INFO] Inserindo ticketKey=82008
2025-10-30 14:07:02,334 [INFO] Inserindo ticketKey=82007
2025-10-30 14:07:02,639 [INFO] Inserindo ticketKey=82004
2025-10-30 14:07:02,831 [INFO] Inserindo ticketKey=82001
2025-10-30 14:07:02,993 [INFO] Inserindo ticketKey=82000
2025-10-30 14:07:03,237 [INFO] Inserindo ticketKey=81999
2025-10-30 14:07:03,399 [INFO] Inserindo ticketKey=81998
2025-10-30 14:07:03,561 [INFO] Inserindo ticketKey=81997
2025-10-30 14:07:03,766 [INFO] Inserindo ticketKey=81996
2025-10-30 14:07:03,971 [INFO] Inserindo ticketKey=81994
2025-10-30 14:07:04,175 [INFO] Inserindo ticketKey=81993
2025-10-30 14:07:04,336 [INFO] Inserindo ticketKey=81991
2025-10-30 14:07:04,585 [INFO] Inserindo ticketKey=81990
2025-10-30 14:07:04,791 [INFO] Inserindo ticketKey=81982
2025-10-30 14:07:05,096 [INFO] Inserindo ticketKey=81981
2025-10-30 14:07:05,302 [INFO] Inserindo ticketKey=81976
2025-10-30 14:07:05,464 [INFO] Inserindo ticketKey=81975
2025-10-30 14:07:05,712 [INFO] Inserindo ticketKey=81974
2025-10-30 14:07:05,916 [INFO] Inserindo ticketKey=81973
2025-10-30 14:07:06,121 [INFO] Inserindo ticketKey=81971
2025-10-30 14:07:06,326 [INFO] Inserindo ticketKey=81969
2025-10-30 14:07:06,515 [INFO] Inserindo ticketKey=81968
2025-10-30 14:07:06,694 [INFO] Inserindo ticketKey=81966
2025-10-30 14:07:06,940 [INFO] Inserindo ticketKey=81963
2025-10-30 14:07:07,136 [INFO] Inserindo ticketKey=81961
2025-10-30 14:07:07,297 [INFO] Inserindo ticketKey=81958
2025-10-30 14:07:07,458 [INFO] Inserindo ticketKey=81957
2025-10-30 14:07:07,659 [INFO] Inserindo ticketKey=81956
2025-10-30 14:07:07,819 [INFO] Inserindo ticketKey=81955
2025-10-30 14:07:07,979 [INFO] Inserindo ticketKey=81953
2025-10-30 14:07:08,140 [INFO] Inserindo ticketKey=81945
2025-10-30 14:07:08,374 [INFO] Inserindo ticketKey=81943
2025-10-30 14:07:08,537 [INFO] Inserindo ticketKey=81938
2025-10-30 14:07:08,784 [INFO] Inserindo ticketKey=81927
2025-10-30 14:07:08,989 [INFO] Inserindo ticketKey=81883
2025-10-30 14:07:09,193 [INFO] Inserindo ticketKey=81865
2025-10-30 14:07:09,398 [INFO] Inserindo ticketKey=81853
2025-10-30 14:07:09,560 [INFO] Inserindo ticketKey=81842
2025-10-30 14:07:09,753 [INFO] Inserindo ticketKey=81831
2025-10-30 14:07:09,914 [INFO] Inserindo ticketKey=81828
2025-10-30 14:07:10,324 [INFO] Inserindo ticketKey=81776
2025-10-30 14:07:10,525 [INFO] Inserindo ticketKey=81774
2025-10-30 14:07:10,719 [INFO] Inserindo ticketKey=81725
2025-10-30 14:07:10,881 [INFO] Inserindo ticketKey=81440
2025-10-30 14:07:11,139 [INFO] Inserindo ticketKey=81430
2025-10-30 14:07:11,344 [INFO] Inserindo ticketKey=81300
2025-10-30 14:07:11,505 [INFO] Inserindo ticketKey=81278
2025-10-30 14:07:11,712 [INFO] Inserindo ticketKey=81028
2025-10-30 14:07:11,961 [INFO] Inserindo ticketKey=80968
2025-10-30 14:07:12,163 [INFO] Inserindo ticketKey=79464
2025-10-30 14:07:12,368 [INFO] Inserindo ticketKey=78237
2025-10-30 14:07:12,596 [INFO] Inserindo ticketKey=77074
2025-10-30 14:07:12,757 [INFO] Inserindo ticketKey=73355
2025-10-30 14:07:13,187 [INFO] 480 tickets inseridos/atualizados no banco.
2025-10-30 14:07:13,188 [INFO] === Sincronização concluída ===
